<?xml version="1.0" encoding="UTF-8"?>
<!-- Generated by org.testng.reporters.JUnitReportReporter -->
<testsuite skipped="0" hostname="Thanhs-MacBook-Air.local" name="com.api.auto.testcase.TC_API_CreatWork" tests="5" failures="0" timestamp="2023-06-15T15:05:36 ICT" time="0.085" errors="0">
  <testcase name="TC01_Validate201Created" time="0.009" classname="com.api.auto.testcase.TC_API_CreatWork"/>
  <system-out/>
  <testcase name="TC02_ValidateWorkId" time="0.003" classname="com.api.auto.testcase.TC_API_CreatWork"/>
  <system-out/>
  <testcase name="TC03_ValidateNameOfWorkMatched" time="0.045" classname="com.api.auto.testcase.TC_API_CreatWork"/>
  <system-out/>
  <testcase name="TC04_ValidateExperienceMatched" time="0.015" classname="com.api.auto.testcase.TC_API_CreatWork"/>
  <system-out/>
  <testcase name="TC05_ValidateEducationMatched" time="0.013" classname="com.api.auto.testcase.TC_API_CreatWork"/>
  <system-out/>
</testsuite> <!-- com.api.auto.testcase.TC_API_CreatWork -->
