<?xml version="1.0" encoding="UTF-8"?>
<!-- Generated by org.testng.reporters.JUnitReportReporter -->
<testsuite skipped="0" hostname="Thanhs-MacBook-Air.local" name="com.api.auto.testcase.TC_API_Login" tests="5" failures="0" timestamp="2023-06-15T15:05:36 ICT" time="0.826" errors="0">
  <testcase name="TC01_Validate200OK" time="0.013" classname="com.api.auto.testcase.TC_API_Login"/>
  <system-out/>
  <testcase name="TC02_ValidateMessage" time="0.719" classname="com.api.auto.testcase.TC_API_Login"/>
  <system-out/>
  <testcase name="TC03_ValidateToken" time="0.030" classname="com.api.auto.testcase.TC_API_Login"/>
  <system-out/>
  <testcase name="TC04_ValidateAccount" time="0.049" classname="com.api.auto.testcase.TC_API_Login"/>
  <system-out/>
  <testcase name="TC05_ValidateUserType" time="0.015" classname="com.api.auto.testcase.TC_API_Login"/>
  <system-out/>
</testsuite> <!-- com.api.auto.testcase.TC_API_Login -->
